2022/03/16 11:40:59 open.go:35: [::1]:51300 /
2022/03/16 11:42:22 open.go:35: [::1]:51302 /
2022/03/16 11:42:31 open.go:35: [::1]:51302 /
2022/03/16 11:43:41 open.go:35: [::1]:51302 /
2022/03/16 11:46:20 open.go:35: [::1]:51302 /
2022/03/16 11:47:07 open.go:35: [::1]:51302 /
2022/03/16 18:28:50 open.go:35: [::1]:51314 /
2022/03/16 18:28:55 open.go:35: [::1]:51318 /
2022/03/16 18:29:26 open.go:35: [::1]:51318 /
2022/03/16 18:30:20 open.go:35: [::1]:51318 /
2022/03/16 18:37:11 open.go:35: [::1]:51320 /
2022/03/16 18:37:11 open.go:23: [::1]:51320 /login
2022/03/16 18:37:21 open.go:23: [::1]:51324 /login
2022/03/16 18:37:21 open.go:23: [::1]:51324 /login
2022/03/16 18:37:33 open.go:23: [::1]:51324 /login
2022/03/16 18:37:34 open.go:35: [::1]:51324 /
2022/03/16 18:47:14 open.go:34: [::1]:51328 /
2022/03/16 18:48:59 open.go:34: [::1]:51334 /
2022/03/16 18:49:27 open.go:34: [::1]:51338 /
2022/03/16 18:51:58 open.go:34: [::1]:51342 /
2022/03/16 18:52:01 open.go:34: [::1]:51344 /
2022/03/16 18:52:43 open.go:34: [::1]:51344 /
2022/03/16 18:52:51 open.go:34: [::1]:51352 /
2022/03/16 18:53:12 main.go:44: listen tcp :8282: bind: address already in use
2022/03/16 18:53:23 main.go:44: listen tcp :8282: bind: address already in use
2022/03/16 18:53:30 main.go:44: listen tcp :8282: bind: address already in use
2022/03/16 18:53:42 main.go:44: listen tcp :8282: bind: address already in use
2022/03/16 18:53:48 main.go:44: listen tcp :8282: bind: address already in use
2022/03/16 18:54:46 open.go:34: [::1]:47058 /
2022/03/16 18:59:08 open.go:34: [::1]:47072 /
2022/03/16 18:59:34 open.go:34: [::1]:47076 /
2022/03/16 18:59:44 open.go:34: [::1]:47076 /
2022/03/16 19:00:46 open.go:34: [::1]:47076 /
2022/03/16 19:04:20 open.go:34: [::1]:47074 /
2022/03/16 19:04:22 open.go:34: [::1]:47076 /
2022/03/16 19:04:54 open.go:34: [::1]:47076 /
2022/03/16 19:05:44 open.go:34: [::1]:47076 /
2022/03/16 19:05:48 open.go:34: [::1]:47076 /
2022/03/16 19:05:59 open.go:34: [::1]:47076 /
2022/03/16 19:06:31 open.go:34: [::1]:47076 /
2022/03/16 19:07:04 open.go:34: [::1]:47088 /
2022/03/16 19:07:13 open.go:34: [::1]:47088 /
2022/03/16 19:08:27 open.go:34: [::1]:47076 /
2022/03/16 19:08:44 open.go:34: [::1]:47094 /
2022/03/16 19:09:03 open.go:34: [::1]:47098 /
2022/03/16 19:09:54 open.go:34: [::1]:47098 /
2022/03/16 19:10:42 open.go:34: [::1]:47102 /
2022/03/16 19:11:15 open.go:34: [::1]:47102 /
2022/03/16 19:12:51 open.go:34: [::1]:47094 /
2022/03/16 19:13:31 open.go:34: [::1]:47102 /
2022/03/16 19:13:35 open.go:34: [::1]:47094 /
2022/03/16 19:15:09 open.go:34: [::1]:47094 /
2022/03/16 19:16:56 open.go:34: [::1]:47104 /
2022/03/16 19:21:24 open.go:34: [::1]:47134 /
2022/03/16 19:22:36 open.go:34: [::1]:47134 /
2022/03/16 19:33:50 open.go:22: [::1]:47142 /logout
2022/03/16 19:33:51 open.go:22: [::1]:47142 /login
2022/03/17 00:18:18 open.go:34: [::1]:49924 /
2022/03/17 00:18:22 open.go:34: [::1]:49925 /
2022/03/17 00:33:38 open.go:34: [::1]:50172 /
2022/03/17 00:33:46 open.go:34: [::1]:50172 /
2022/03/17 00:36:28 open.go:34: [::1]:50265 /
2022/03/17 00:38:45 open.go:34: [::1]:50442 /
2022/03/17 00:38:55 open.go:34: [::1]:50454 /
2022/03/17 00:39:38 open.go:34: [::1]:50482 /
2022/03/17 00:39:44 open.go:34: [::1]:50485 /
2022/03/17 00:41:02 open.go:34: [::1]:50542 /
2022/03/17 00:41:44 open.go:34: [::1]:50569 /
2022/03/17 00:42:12 open.go:34: [::1]:50588 /
2022/03/17 00:43:31 open.go:34: [::1]:50638 /
2022/03/17 00:44:57 open.go:34: [::1]:50685 /
2022/03/17 00:45:35 open.go:34: [::1]:50711 /
2022/03/17 00:45:55 open.go:34: [::1]:50726 /
2022/03/17 00:47:36 open.go:34: [::1]:50782 /
2022/03/17 00:48:40 open.go:34: [::1]:50834 /
2022/03/17 00:49:48 open.go:34: [::1]:50888 /
2022/03/17 00:50:14 open.go:34: [::1]:50907 /
2022/03/17 00:51:21 open.go:34: [::1]:50950 /u/
2022/03/17 00:51:21 open.go:34: [::1]:50950 /u/static/vendors/simplebar/css/simplebar.css
2022/03/17 00:51:22 open.go:34: [::1]:50951 /u/static/css/vendors/simplebar.css
2022/03/17 00:51:22 open.go:34: [::1]:50957 /u/static/css/style.css
2022/03/17 00:51:23 open.go:34: [::1]:50960 /u/static/vendors/simplebar/js/simplebar.min.js
2022/03/17 00:51:23 open.go:34: [::1]:50958 /u/static/css/examples.css
2022/03/17 00:51:23 open.go:34: [::1]:50959 /u/static/vendors/@coreui/coreui/js/coreui.bundle.min.js
2022/03/17 00:51:24 open.go:34: [::1]:50958 /u/static/vendors/@coreui/icons/svg/free.svg
2022/03/17 00:51:24 open.go:34: [::1]:50959 /u/static/assets/brand/coreui.svg
2022/03/17 00:51:24 open.go:34: [::1]:50967 /u/static/assets/favicon/manifest.json
2022/03/17 00:51:24 open.go:22: [::1]:50967 /login
2022/03/17 00:51:25 open.go:34: [::1]:50959 /u/static/assets/favicon/favicon-32x32.png
2022/03/17 00:51:25 open.go:34: [::1]:50959 /u/static/assets/favicon/favicon-16x16.png
2022/03/17 00:51:26 open.go:34: [::1]:50959 /u/static/assets/favicon/favicon-96x96.png
2022/03/17 00:51:26 open.go:34: [::1]:50959 /u/static/assets/favicon/android-icon-192x192.png
2022/03/17 00:51:31 open.go:34: [::1]:50967 /u/static/assets/favicon/manifest.json
2022/03/17 00:51:31 open.go:22: [::1]:50967 /login
2022/03/17 00:51:32 open.go:34: [::1]:50960 /u/static/css/style.css
2022/03/17 00:51:32 open.go:34: [::1]:50957 /u/static/css/examples.css
2022/03/17 00:51:32 open.go:34: [::1]:50958 /u/static/css/vendors/simplebar.css
2022/03/17 00:51:32 open.go:34: [::1]:50959 /u/static/vendors/simplebar/css/simplebar.css
2022/03/17 00:53:47 open.go:34: [::1]:51045 /u/
2022/03/17 00:53:48 open.go:34: [::1]:51045 /u/static/vendors/simplebar/css/simplebar.css
2022/03/17 00:53:48 open.go:34: [::1]:51049 /u/static/css/style.css
2022/03/17 00:53:48 open.go:34: [::1]:51050 /u/static/css/examples.css
2022/03/17 00:53:48 open.go:34: [::1]:51046 /u/static/css/vendors/simplebar.css
2022/03/17 00:53:48 open.go:34: [::1]:51051 /u/static/vendors/@coreui/coreui/js/coreui.bundle.min.js
2022/03/17 00:53:49 open.go:34: [::1]:51052 /u/static/vendors/simplebar/js/simplebar.min.js
2022/03/17 00:53:54 open.go:34: [::1]:51067 /u/static/assets/favicon/manifest.json
2022/03/17 00:53:54 open.go:22: [::1]:51067 /login
2022/03/17 00:53:57 open.go:34: [::1]:51068 /u/static/assets/favicon/favicon-32x32.png
2022/03/17 00:53:58 open.go:34: [::1]:51068 /u/static/assets/favicon/favicon-16x16.png
2022/03/17 00:53:58 open.go:34: [::1]:51068 /u/static/assets/favicon/favicon-96x96.png
2022/03/17 00:53:59 open.go:34: [::1]:51088 /u/static/assets/favicon/favicon-32x32.png
2022/03/17 00:53:59 open.go:34: [::1]:51088 /u/static/assets/favicon/favicon-16x16.png
2022/03/17 00:54:00 open.go:34: [::1]:51068 /u/
2022/03/17 00:54:01 open.go:34: [::1]:51068 /u/static/assets/favicon/android-icon-192x192.png
2022/03/17 00:54:01 open.go:34: [::1]:51088 /u/static/assets/favicon/favicon-96x96.png
2022/03/17 00:54:01 open.go:34: [::1]:51095 /u/static/vendors/@coreui/icons/svg/free.svg
2022/03/17 00:54:01 open.go:34: [::1]:51093 /u/static/assets/brand/coreui.svg
2022/03/17 00:55:04 open.go:34: [::1]:51132 /u/
2022/03/17 00:55:05 open.go:34: [::1]:51132 /u/static/assets/brand/coreui.svg
2022/03/17 00:55:05 open.go:34: [::1]:51133 /u/static/vendors/@coreui/icons/svg/free.svg
2022/03/17 00:55:09 open.go:34: [::1]:51137 /u/staff
2022/03/17 00:55:10 open.go:34: [::1]:51137 /u/static/assets/brand/coreui.svg
2022/03/17 00:55:10 open.go:34: [::1]:51138 /u/static/vendors/@coreui/icons/svg/free.svg
2022/03/17 00:55:20 open.go:34: [::1]:51146 /u/
2022/03/17 00:55:20 open.go:34: [::1]:51146 /u/static/assets/brand/coreui.svg
2022/03/17 00:55:21 open.go:34: [::1]:51147 /u/static/vendors/@coreui/icons/svg/free.svg
2022/03/17 00:55:30 open.go:34: [::1]:51155 /u/staff
2022/03/17 00:55:30 open.go:34: [::1]:51155 /u/static/assets/brand/coreui.svg
2022/03/17 00:55:31 open.go:34: [::1]:51156 /u/static/vendors/@coreui/icons/svg/free.svg
2022/03/17 00:56:10 open.go:34: [::1]:51186 /u/
2022/03/17 00:56:11 open.go:34: [::1]:51186 /u/static/assets/brand/coreui.svg
2022/03/17 00:56:11 open.go:34: [::1]:51187 /u/static/vendors/@coreui/icons/svg/free.svg
2022/03/17 00:56:20 open.go:34: [::1]:51194 /u/
2022/03/17 00:56:21 open.go:34: [::1]:51194 /u/static/assets/brand/coreui.svg
2022/03/17 00:56:21 open.go:34: [::1]:51195 /u/static/vendors/@coreui/icons/svg/free.svg
2022/03/17 00:56:41 open.go:34: [::1]:51208 /u/
2022/03/17 00:56:42 open.go:34: [::1]:51209 /u/static/assets/brand/coreui.svg
2022/03/17 00:56:43 open.go:34: [::1]:51211 /u/static/vendors/@coreui/icons/svg/free.svg
2022/03/17 00:56:48 open.go:34: [::1]:51211 /u/
2022/03/17 00:56:49 open.go:34: [::1]:51211 /u/static/assets/brand/coreui.svg
2022/03/17 00:56:49 open.go:34: [::1]:51209 /u/static/vendors/@coreui/icons/svg/free.svg
2022/03/17 00:56:59 open.go:34: [::1]:51209 /u/
2022/03/17 00:57:00 open.go:34: [::1]:51209 /u/static/assets/brand/coreui.svg
2022/03/17 00:57:01 open.go:34: [::1]:51211 /u/static/vendors/@coreui/icons/svg/free.svg
2022/03/17 00:57:04 open.go:34: [::1]:51211 /u/staff
2022/03/17 00:57:04 open.go:34: [::1]:51211 /u/static/assets/brand/coreui.svg
2022/03/17 00:57:05 open.go:34: [::1]:51209 /u/static/vendors/@coreui/icons/svg/free.svg
2022/03/17 00:57:15 open.go:34: [::1]:51209 /u/staff
2022/03/17 00:57:16 open.go:34: [::1]:51209 /u/static/assets/brand/coreui.svg
2022/03/17 00:57:16 open.go:34: [::1]:51211 /u/static/vendors/@coreui/icons/svg/free.svg
2022/03/17 00:57:30 open.go:34: [::1]:51250 /u/staff
2022/03/17 00:57:30 open.go:22: [::1]:51250 /login
2022/03/17 00:57:38 open.go:34: [::1]:51275 /u/staff
2022/03/17 00:57:39 open.go:34: [::1]:51275 /u/static/assets/brand/coreui.svg
2022/03/17 00:57:39 open.go:34: [::1]:51276 /u/static/vendors/@coreui/icons/svg/free.svg
2022/03/18 19:03:30 open.go:22: [::1]:55070 /login
2022/03/18 19:03:38 open.go:22: [::1]:55072 /login
2022/03/18 19:03:38 open.go:22: [::1]:55072 /login
2022/03/18 19:21:46 open.go:22: [::1]:55086 /login
2022/03/18 19:21:52 open.go:22: [::1]:55086 /login
2022/03/18 19:21:52 open.go:22: [::1]:55086 /login
2022/03/18 19:22:29 open.go:22: [::1]:55092 /login
2022/03/18 19:22:36 open.go:22: [::1]:55092 /login
2022/03/18 19:22:36 open.go:22: [::1]:55092 /login
2022/03/18 19:23:00 open.go:22: [::1]:55096 /login
2022/03/18 19:23:00 open.go:22: [::1]:55098 /login
2022/03/18 19:23:00 open.go:22: [::1]:55098 /login
2022/03/18 19:24:18 open.go:22: [::1]:55098 /login
2022/03/18 19:24:39 open.go:22: [::1]:55108 /login
2022/03/18 19:24:39 open.go:22: [::1]:55108 /login
2022/03/18 19:26:31 open.go:22: [::1]:55122 /login
2022/03/18 19:26:40 open.go:22: [::1]:55122 /login
2022/03/18 19:26:40 open.go:22: [::1]:55122 /login
2022/03/18 19:27:04 open.go:22: [::1]:55122 /login
2022/03/18 19:27:04 open.go:22: [::1]:55122 /login
2022/03/18 19:28:06 open.go:22: [::1]:55126 /login
2022/03/18 19:28:13 open.go:22: [::1]:55126 /login
2022/03/18 19:28:13 open.go:22: [::1]:55126 /login
2022/03/18 19:28:33 open.go:22: [::1]:55130 /login
2022/03/18 19:28:36 open.go:22: [::1]:55130 /login
2022/03/18 19:28:42 open.go:22: [::1]:55130 /login
2022/03/18 19:28:42 open.go:22: [::1]:55130 /login
2022/03/18 19:32:28 open.go:22: [::1]:55144 /login
2022/03/18 19:32:31 open.go:22: [::1]:55144 /login
2022/03/18 19:32:35 open.go:22: [::1]:55144 /login
2022/03/18 19:32:35 open.go:22: [::1]:55144 /login
2022/03/18 19:32:35 open.go:22: [::1]:55144 /login
2022/03/18 19:32:35 open.go:22: [::1]:55144 /login
2022/03/18 19:32:36 open.go:22: [::1]:55144 /login
2022/03/18 19:32:48 open.go:22: [::1]:55144 /login
2022/03/18 19:32:48 open.go:22: [::1]:55144 /login
2022/03/18 19:32:54 open.go:22: [::1]:55148 /login
2022/03/18 19:32:57 open.go:22: [::1]:55148 /login
2022/03/18 19:33:24 open.go:22: [::1]:55152 /login
2022/03/18 19:33:33 open.go:22: [::1]:55152 /login
2022/03/18 19:33:33 open.go:22: [::1]:55152 /login
2022/03/18 19:36:31 open.go:22: [::1]:55156 /login
2022/03/18 19:36:34 open.go:22: [::1]:55156 /login
2022/03/18 19:36:42 open.go:22: [::1]:55156 /login
2022/03/18 19:36:42 open.go:22: [::1]:55156 /login
2022/03/18 19:36:53 open.go:22: [::1]:55160 /login
2022/03/18 19:37:02 open.go:22: [::1]:55160 /login
2022/03/18 19:37:07 open.go:22: [::1]:55164 /login
2022/03/18 19:37:08 open.go:22: [::1]:55164 /login
2022/03/18 19:37:08 open.go:22: [::1]:55164 /login
2022/03/18 19:37:08 open.go:22: [::1]:55164 /login
2022/03/18 19:37:09 open.go:22: [::1]:55164 /login
2022/03/18 19:37:09 open.go:22: [::1]:55164 /login
2022/03/18 19:37:09 open.go:22: [::1]:55164 /login
2022/03/18 19:37:16 open.go:22: [::1]:55164 /login
2022/03/18 19:37:16 open.go:22: [::1]:55164 /login
2022/03/19 11:51:36 open.go:22: [::1]:42330 /login
2022/03/19 11:52:05 open.go:22: [::1]:42330 /login
2022/03/19 11:52:10 open.go:22: [::1]:42334 /login
2022/03/19 11:52:11 open.go:22: [::1]:42334 /login
2022/03/19 11:52:42 open.go:22: [::1]:42338 /login
2022/03/19 11:53:47 open.go:22: [::1]:42342 /login
2022/03/19 11:54:02 open.go:22: [::1]:42346 /login
2022/03/19 11:54:33 open.go:22: [::1]:42350 /login
2022/03/19 11:54:34 open.go:22: [::1]:42350 /login
2022/03/19 11:54:58 open.go:22: [::1]:42354 /login
2022/03/19 11:54:59 open.go:22: [::1]:42354 /login
2022/03/19 12:06:12 open.go:22: [::1]:42360 /login
2022/03/19 12:06:12 open.go:22: [::1]:42360 /login
2022/03/19 12:06:16 open.go:22: [::1]:42360 /login
2022/03/19 12:06:16 open.go:22: [::1]:42360 /login
2022/03/19 12:06:20 open.go:22: [::1]:42360 /login
2022/03/19 12:06:20 open.go:22: [::1]:42360 /login
2022/03/19 12:06:22 open.go:22: [::1]:42360 /login
2022/03/19 12:06:23 open.go:22: [::1]:42360 /login
2022/03/19 12:06:24 open.go:22: [::1]:42360 /login
2022/03/19 12:06:24 open.go:22: [::1]:42360 /login
2022/03/19 12:06:24 open.go:22: [::1]:42360 /login
2022/03/19 12:06:27 open.go:22: [::1]:42360 /login
2022/03/19 12:06:27 open.go:22: [::1]:42360 /login
2022/03/19 12:06:30 open.go:22: [::1]:42360 /login
2022/03/19 12:06:30 open.go:22: [::1]:42360 /login
2022/03/19 12:06:31 open.go:22: [::1]:42360 /login
2022/03/19 12:25:50 open.go:22: [::1]:42366 /login
2022/03/19 12:25:54 open.go:22: [::1]:42366 /login
2022/03/19 12:25:54 open.go:22: [::1]:42366 /login
2022/03/19 12:42:04 open.go:22: [::1]:42372 /login
2022/03/19 12:42:10 open.go:22: [::1]:42372 /login
2022/03/19 12:42:10 open.go:22: [::1]:42372 /login
2022/03/19 12:43:36 open.go:22: [::1]:42376 /login
2022/03/19 12:43:41 open.go:22: [::1]:42376 /login
2022/03/19 12:43:41 open.go:22: [::1]:42376 /login
2022/03/19 12:58:01 open.go:22: [::1]:42382 /login
2022/03/19 12:58:03 open.go:22: [::1]:42382 /login
2022/03/19 12:58:05 open.go:22: [::1]:42382 /login
2022/03/19 12:58:25 open.go:22: [::1]:42382 /login
2022/03/19 12:58:25 open.go:22: [::1]:42382 /login
2022/03/19 12:58:26 open.go:22: [::1]:42382 /login
2022/03/19 12:59:44 open.go:22: [::1]:42382 /login
2022/03/19 12:59:52 open.go:34: [::1]:42382 /u/
2022/03/19 12:59:52 open.go:34: [::1]:42382 /u/static/assets/brand/coreui.svg
2022/03/19 12:59:53 open.go:34: [::1]:42386 /u/static/vendors/@coreui/icons/svg/free.svg
2022/03/19 13:00:04 open.go:34: [::1]:42382 /u/
2022/03/19 13:00:05 open.go:34: [::1]:42386 /u/static/assets/brand/coreui.svg
2022/03/19 13:00:06 open.go:34: [::1]:42388 /u/static/vendors/@coreui/icons/svg/free.svg
2022/03/19 13:15:20 open.go:34: [::1]:42400 /u/
2022/03/19 13:15:21 open.go:34: [::1]:42402 /u/static/vendors/@coreui/icons/svg/free.svg
2022/03/19 13:15:21 open.go:34: [::1]:42400 /u/static/assets/brand/coreui.svg
2022/03/19 13:15:36 open.go:22: [::1]:42400 /logout
2022/03/19 13:15:36 open.go:22: [::1]:42400 /login
2022/03/19 13:15:42 open.go:22: [::1]:42400 /login
2022/03/19 13:15:42 open.go:22: [::1]:42400 /login
2022/03/19 13:15:50 open.go:22: [::1]:42400 /login
2022/03/19 13:15:55 open.go:34: [::1]:42400 /u/
2022/03/19 13:15:56 open.go:34: [::1]:42402 /u/static/vendors/@coreui/icons/svg/free.svg
2022/03/19 13:15:56 open.go:34: [::1]:42400 /u/static/assets/brand/coreui.svg
2022/03/19 13:16:25 open.go:34: [::1]:42402 /u/staff/add
2022/03/19 13:16:26 open.go:34: [::1]:42402 /u/staff/static/assets/brand/coreui.svg
2022/03/19 13:16:26 open.go:34: [::1]:42400 /u/staff/static/vendors/@coreui/icons/svg/free.svg
2022/03/19 13:21:31 open.go:34: [::1]:42408 /u/
2022/03/19 13:21:32 open.go:34: [::1]:42408 /u/static/assets/brand/coreui.svg
2022/03/19 13:21:32 open.go:34: [::1]:42410 /u/static/vendors/@coreui/icons/svg/free.svg
2022/03/19 13:21:44 open.go:34: [::1]:42410 /u/
2022/03/19 13:21:45 open.go:34: [::1]:42410 /u/static/assets/brand/coreui.svg
2022/03/19 13:21:45 open.go:34: [::1]:42408 /u/static/vendors/@coreui/icons/svg/free.svg
2022/03/19 13:25:47 open.go:34: [::1]:42408 /u/staff/add
2022/03/19 13:25:48 open.go:34: [::1]:42408 /u/staff/static/assets/brand/coreui.svg
2022/03/19 13:25:48 open.go:34: [::1]:42410 /u/staff/static/vendors/@coreui/icons/svg/free.svg
2022/03/19 13:29:59 open.go:34: [::1]:42410 /u/staff/add
2022/03/19 13:30:00 open.go:34: [::1]:42410 /u/staff/static/assets/brand/coreui.svg
2022/03/19 13:30:00 open.go:34: [::1]:42408 /u/staff/static/vendors/@coreui/icons/svg/free.svg
2022/03/19 13:30:17 open.go:34: [::1]:42408 /u/staff/add
2022/03/19 13:30:18 open.go:34: [::1]:42408 /u/staff/static/assets/brand/coreui.svg
2022/03/19 13:30:18 open.go:34: [::1]:42410 /u/staff/static/vendors/@coreui/icons/svg/free.svg
2022/03/19 13:31:51 open.go:34: [::1]:42410 /u/staff/add
2022/03/19 13:31:52 open.go:34: [::1]:42410 /u/staff/static/assets/brand/coreui.svg
2022/03/19 13:31:52 open.go:34: [::1]:42408 /u/staff/static/vendors/@coreui/icons/svg/free.svg
2022/03/19 13:33:01 open.go:34: [::1]:42408 /u/staff/add
2022/03/19 13:33:02 open.go:34: [::1]:42408 /u/staff/static/assets/brand/coreui.svg
2022/03/19 13:33:02 open.go:34: [::1]:42410 /u/staff/static/vendors/@coreui/icons/svg/free.svg
2022/03/19 13:34:38 open.go:34: [::1]:42410 /u/staff/edit/wrwerwer
2022/03/19 13:34:38 open.go:34: [::1]:42410 /u/staff/edit/static/assets/brand/coreui.svg
2022/03/19 13:34:39 open.go:34: [::1]:42408 /u/staff/edit/static/vendors/@coreui/icons/svg/free.svg
2022/03/19 13:35:03 open.go:34: [::1]:42408 /u/staff
2022/03/19 13:35:04 open.go:34: [::1]:42408 /u/static/assets/brand/coreui.svg
2022/03/19 13:35:04 open.go:34: [::1]:42410 /u/static/vendors/@coreui/icons/svg/free.svg
2022/03/19 13:35:13 open.go:34: [::1]:42410 /u/staff/add
2022/03/19 13:35:14 open.go:34: [::1]:42408 /u/staff/static/assets/brand/coreui.svg
2022/03/19 13:35:14 open.go:34: [::1]:42410 /u/staff/static/vendors/@coreui/icons/svg/free.svg
2022/03/19 13:36:41 open.go:34: [::1]:42410 /u/staff/add
2022/03/19 13:36:42 open.go:34: [::1]:42410 /u/staff/static/assets/brand/coreui.svg
2022/03/19 13:36:42 open.go:34: [::1]:42408 /u/staff/static/vendors/@coreui/icons/svg/free.svg
2022/03/19 13:36:45 open.go:34: [::1]:42408 /u/staff/add
2022/03/19 13:36:46 open.go:34: [::1]:42410 /u/staff/static/assets/brand/coreui.svg
2022/03/19 13:36:46 open.go:34: [::1]:42416 /u/staff/static/vendors/@coreui/icons/svg/free.svg
2022/03/19 13:36:50 open.go:34: [::1]:42416 /u/staff/add
2022/03/19 13:36:51 open.go:34: [::1]:42416 /u/staff/static/assets/brand/coreui.svg
2022/03/19 13:36:51 open.go:34: [::1]:42410 /u/staff/static/vendors/@coreui/icons/svg/free.svg
2022/03/19 13:36:56 open.go:34: [::1]:42410 /u/staff/add
2022/03/19 13:36:57 open.go:34: [::1]:42414 /u/staff/static/assets/brand/coreui.svg
2022/03/19 13:36:58 open.go:34: [::1]:42416 /u/staff/static/vendors/@coreui/icons/svg/free.svg
2022/03/19 13:37:11 open.go:34: [::1]:42416 /u/staff/add
2022/03/19 13:37:12 open.go:34: [::1]:42412 /u/staff/static/assets/brand/coreui.svg
2022/03/19 13:37:12 open.go:34: [::1]:42414 /u/staff/static/vendors/@coreui/icons/svg/free.svg
2022/03/19 13:37:46 open.go:34: [::1]:42414 /u/staff/add
2022/03/19 13:37:47 open.go:34: [::1]:42414 /u/staff/static/assets/brand/coreui.svg
2022/03/19 13:37:48 open.go:34: [::1]:42412 /u/staff/static/vendors/@coreui/icons/svg/free.svg
2022/03/19 13:38:07 open.go:34: [::1]:42412 /u/staff/add
2022/03/19 13:38:08 open.go:34: [::1]:42408 /u/staff/static/assets/brand/coreui.svg
2022/03/19 13:38:09 open.go:34: [::1]:42412 /u/staff/static/vendors/@coreui/icons/svg/free.svg
2022/03/19 13:38:22 open.go:34: [::1]:42412 /u/staff/add
2022/03/19 13:38:23 open.go:34: [::1]:42416 /u/staff/static/assets/brand/coreui.svg
2022/03/19 13:38:23 open.go:34: [::1]:42408 /u/staff/static/vendors/@coreui/icons/svg/free.svg
2022/03/19 13:38:31 open.go:34: [::1]:42408 /u/staff/add
2022/03/19 13:38:32 open.go:34: [::1]:42416 /u/staff/static/assets/brand/coreui.svg
2022/03/19 13:38:32 open.go:34: [::1]:42422 /u/staff/static/vendors/@coreui/icons/svg/free.svg
2022/03/19 13:38:45 open.go:34: [::1]:42422 /u/staff/add
2022/03/19 13:38:46 open.go:34: [::1]:42414 /u/staff/static/assets/brand/coreui.svg
2022/03/19 13:38:46 open.go:34: [::1]:42422 /u/staff/static/vendors/@coreui/icons/svg/free.svg
2022/03/19 13:38:54 open.go:34: [::1]:42422 /u/staff/add
2022/03/19 13:38:55 open.go:34: [::1]:42416 /u/staff/static/assets/brand/coreui.svg
2022/03/19 13:38:56 open.go:34: [::1]:42414 /u/staff/static/vendors/@coreui/icons/svg/free.svg
2022/03/19 13:39:13 open.go:34: [::1]:42414 /u/staff/add
2022/03/19 13:39:14 open.go:34: [::1]:42412 /u/staff/static/assets/brand/coreui.svg
2022/03/19 13:39:15 open.go:34: [::1]:42414 /u/staff/static/vendors/@coreui/icons/svg/free.svg
2022/03/19 13:39:25 open.go:34: [::1]:42414 /u/staff/add
2022/03/19 13:39:26 open.go:34: [::1]:42422 /u/staff/static/assets/brand/coreui.svg
2022/03/19 13:39:26 open.go:34: [::1]:42410 /u/staff/static/vendors/@coreui/icons/svg/free.svg
2022/03/19 13:39:31 open.go:34: [::1]:42410 /u/staff/add
2022/03/19 13:39:32 open.go:34: [::1]:42408 /u/staff/static/assets/brand/coreui.svg
2022/03/19 13:39:33 open.go:34: [::1]:42422 /u/staff/static/vendors/@coreui/icons/svg/free.svg
2022/03/19 13:39:50 open.go:34: [::1]:42422 /u/staff/add
2022/03/19 13:39:50 open.go:34: [::1]:42416 /u/staff/static/assets/brand/coreui.svg
2022/03/19 13:39:51 open.go:34: [::1]:42408 /u/staff/static/vendors/@coreui/icons/svg/free.svg
2022/03/19 13:42:22 open.go:34: [::1]:42408 /u/staff/add
2022/03/19 13:42:23 open.go:34: [::1]:42416 /u/staff/static/assets/brand/coreui.svg
2022/03/19 13:42:23 open.go:34: [::1]:42422 /u/staff/static/vendors/@coreui/icons/svg/free.svg
2022/03/19 13:42:37 open.go:34: [::1]:42422 /u/staff/add
2022/03/19 13:42:38 open.go:34: [::1]:42414 /u/staff/static/assets/brand/coreui.svg
2022/03/19 13:42:38 open.go:34: [::1]:42412 /u/staff/static/vendors/@coreui/icons/svg/free.svg
2022/03/19 13:42:43 open.go:34: [::1]:42412 /u/staff/add
2022/03/19 13:42:44 open.go:34: [::1]:42422 /u/staff/static/assets/brand/coreui.svg
2022/03/19 13:42:45 open.go:34: [::1]:42408 /u/staff/static/vendors/@coreui/icons/svg/free.svg
2022/03/19 13:43:28 open.go:34: [::1]:42408 /u/staff/add
2022/03/19 13:43:29 open.go:34: [::1]:42408 /u/staff/static/assets/brand/coreui.svg
2022/03/19 13:43:30 open.go:34: [::1]:42422 /u/staff/static/vendors/@coreui/icons/svg/free.svg
2022/03/19 13:43:30 open.go:34: [::1]:42416 /u/staff/add
2022/03/19 13:43:31 open.go:34: [::1]:42416 /u/staff/static/assets/brand/coreui.svg
2022/03/19 13:43:31 open.go:34: [::1]:42422 /u/staff/static/vendors/@coreui/icons/svg/free.svg
2022/03/19 13:43:33 open.go:34: [::1]:42422 /u/staff/add
2022/03/19 13:43:34 open.go:34: [::1]:42412 /u/staff/static/assets/brand/coreui.svg
2022/03/19 13:43:34 open.go:34: [::1]:42414 /u/staff/static/vendors/@coreui/icons/svg/free.svg
2022/03/19 13:45:37 open.go:34: [::1]:42414 /u/staff/add
2022/03/19 13:45:37 open.go:34: [::1]:42408 /u/staff/static/assets/brand/coreui.svg
2022/03/19 13:45:38 open.go:34: [::1]:42414 /u/staff/static/vendors/@coreui/icons/svg/free.svg
2022/03/19 13:45:41 open.go:34: [::1]:42414 /u/staff/add
2022/03/19 13:45:42 open.go:34: [::1]:42412 /u/staff/static/assets/brand/coreui.svg
2022/03/19 13:45:43 open.go:34: [::1]:42408 /u/staff/static/vendors/@coreui/icons/svg/free.svg
2022/03/19 13:45:49 open.go:34: [::1]:42408 /u/staff/add
2022/03/19 13:45:50 open.go:34: [::1]:42412 /u/staff/static/assets/brand/coreui.svg
2022/03/19 13:45:51 open.go:34: [::1]:42408 /u/staff/static/vendors/@coreui/icons/svg/free.svg
2022/03/19 13:53:45 open.go:34: [::1]:42430 /u/staff/add
2022/03/19 13:53:46 open.go:34: [::1]:42436 /u/staff/static/assets/brand/coreui.svg
2022/03/19 13:53:47 open.go:34: [::1]:42430 /u/staff/static/vendors/@coreui/icons/svg/free.svg
2022/03/19 13:54:12 open.go:34: [::1]:42430 /u/staff/add
2022/03/19 13:54:13 open.go:34: [::1]:42434 /u/staff/static/assets/brand/coreui.svg
2022/03/19 13:54:14 open.go:34: [::1]:42436 /u/staff/static/vendors/@coreui/icons/svg/free.svg
2022/03/19 13:54:19 open.go:34: [::1]:42436 /u/staff/edit/wrwerwer
2022/03/19 13:54:20 open.go:34: [::1]:42436 /u/staff/edit/static/assets/brand/coreui.svg
2022/03/19 13:54:21 open.go:34: [::1]:42434 /u/staff/edit/static/vendors/@coreui/icons/svg/free.svg
2022/03/19 13:54:30 open.go:34: [::1]:42434 /u/staff/edit/wrwerwer
2022/03/19 13:54:31 open.go:34: [::1]:42436 /u/staff/edit/static/assets/brand/coreui.svg
2022/03/19 13:54:31 open.go:34: [::1]:42434 /u/staff/edit/static/vendors/@coreui/icons/svg/free.svg
2022/03/19 13:54:55 open.go:34: [::1]:42434 /u/staff/edit/wrwerwer
2022/03/19 13:54:56 open.go:34: [::1]:42432 /u/staff/edit/static/assets/brand/coreui.svg
2022/03/19 13:54:57 open.go:34: [::1]:42436 /u/staff/edit/static/vendors/@coreui/icons/svg/free.svg
2022/03/19 13:55:09 open.go:34: [::1]:42436 /u/staff/edit/wrwerwer
2022/03/19 13:55:10 open.go:34: [::1]:42432 /u/staff/edit/static/assets/brand/coreui.svg
2022/03/19 13:55:11 open.go:34: [::1]:42430 /u/staff/edit/static/vendors/@coreui/icons/svg/free.svg
2022/03/19 13:56:05 open.go:34: [::1]:42430 /u/staff/edit/wrwerwer
2022/03/19 13:56:06 open.go:34: [::1]:42438 /u/staff/edit/static/assets/brand/coreui.svg
2022/03/19 13:56:06 open.go:34: [::1]:42432 /u/staff/edit/static/vendors/@coreui/icons/svg/free.svg
2022/03/19 13:56:23 open.go:34: [::1]:42432 /u/staff/edit/-MmaU6FJHXB85K3BYiSb
2022/03/19 13:56:24 open.go:34: [::1]:42438 /u/staff/edit/static/assets/brand/coreui.svg
2022/03/19 13:56:25 open.go:34: [::1]:42432 /u/staff/edit/static/vendors/@coreui/icons/svg/free.svg
2022/03/19 13:57:33 open.go:34: [::1]:42432 /u/staff/edit/-MmaU6FJHXB85K3BYiSb
2022/03/19 13:57:34 open.go:34: [::1]:42434 /u/staff/edit/static/assets/brand/coreui.svg
2022/03/19 13:57:34 open.go:34: [::1]:42430 /u/staff/edit/static/vendors/@coreui/icons/svg/free.svg
2022/03/19 13:57:46 open.go:34: [::1]:42430 /u/staff/edit/-MmaU6FJHXB85K3BYiSb
2022/03/19 13:57:47 open.go:34: [::1]:42436 /u/staff/edit/static/assets/brand/coreui.svg
2022/03/19 13:57:47 open.go:34: [::1]:42438 /u/staff/edit/static/vendors/@coreui/icons/svg/free.svg
2022/03/19 13:58:08 open.go:34: [::1]:42438 /u/staff/edit/-MmaU6FJHXB85K3BYiSb
2022/03/19 13:58:09 open.go:34: [::1]:42436 /u/staff/edit/static/assets/brand/coreui.svg
2022/03/19 13:58:10 open.go:34: [::1]:42438 /u/staff/edit/static/vendors/@coreui/icons/svg/free.svg
2022/03/19 13:59:18 open.go:34: [::1]:42438 /u/staff/edit/-MmaU6FJHXB85K3BYiSb
2022/03/19 13:59:19 open.go:34: [::1]:42438 /u/staff/edit/static/assets/brand/coreui.svg
2022/03/19 13:59:19 open.go:34: [::1]:42436 /u/staff/edit/static/vendors/@coreui/icons/svg/free.svg
2022/03/19 14:14:03 open.go:34: [::1]:42442 /u/staff/edit/-MmaU6FJHXB85K3BYiSb
2022/03/19 14:14:04 open.go:34: [::1]:42442 /u/staff/edit/static/assets/brand/coreui.svg
2022/03/19 14:14:05 open.go:34: [::1]:42446 /u/staff/edit/static/vendors/@coreui/icons/svg/free.svg
2022/03/19 14:14:05 open.go:34: [::1]:42442 /u/staff/edit/-MmaU6FJHXB85K3BYiSb
2022/03/19 14:14:06 open.go:34: [::1]:42442 /u/staff/edit/static/assets/brand/coreui.svg
2022/03/19 14:14:06 open.go:34: [::1]:42446 /u/staff/edit/static/vendors/@coreui/icons/svg/free.svg
2022/03/19 14:14:18 open.go:34: [::1]:42446 /u/staff/edit/-MmaU6FJHXB85K3BYiSb
2022/03/19 14:14:19 open.go:34: [::1]:42442 /u/staff/edit/static/assets/brand/coreui.svg
2022/03/19 14:14:20 open.go:34: [::1]:42444 /u/staff/edit/static/vendors/@coreui/icons/svg/free.svg
2022/03/19 14:14:28 open.go:34: [::1]:42444 /u/staff/edit/-MmaU6FJHXB85K3BYiSb
2022/03/19 14:14:29 open.go:34: [::1]:42452 /u/staff/edit/static/assets/brand/coreui.svg
2022/03/19 14:14:29 open.go:34: [::1]:42442 /u/staff/edit/static/vendors/@coreui/icons/svg/free.svg
2022/03/19 14:14:47 open.go:34: [::1]:42442 /u/staff/edit/-MmaU6FJHXB85K3BYiSb
2022/03/19 14:14:48 open.go:34: [::1]:42448 /u/staff/edit/static/assets/brand/coreui.svg
2022/03/19 14:14:48 open.go:34: [::1]:42442 /u/staff/edit/static/vendors/@coreui/icons/svg/free.svg
2022/03/19 14:14:55 open.go:34: [::1]:42442 /u/staff/edit/-MmaU6FJHXB85K3BYiSb
2022/03/19 14:14:56 open.go:34: [::1]:42442 /u/staff/edit/static/assets/brand/coreui.svg
2022/03/19 14:14:56 open.go:34: [::1]:42448 /u/staff/edit/static/vendors/@coreui/icons/svg/free.svg
2022/03/19 14:15:05 open.go:34: [::1]:42448 /u/staff/edit/-MmaU6FJHXB85K3BYiSb
2022/03/19 14:15:06 open.go:34: [::1]:42446 /u/staff/edit/static/assets/brand/coreui.svg
2022/03/19 14:15:06 open.go:34: [::1]:42448 /u/staff/edit/static/vendors/@coreui/icons/svg/free.svg
2022/03/19 14:15:14 open.go:34: [::1]:42448 /u/staff/edit/-MmaU6FJHXB85K3BYiSb
2022/03/19 14:15:15 open.go:34: [::1]:42446 /u/staff/edit/static/vendors/@coreui/icons/svg/free.svg
2022/03/19 14:15:15 open.go:34: [::1]:42444 /u/staff/edit/static/assets/brand/coreui.svg
2022/03/19 14:15:43 open.go:34: [::1]:42444 /u/staff/edit/-MmaU6FJHXB85K3BYiSb
2022/03/19 14:15:44 open.go:34: [::1]:42446 /u/staff/edit/static/assets/brand/coreui.svg
2022/03/19 14:15:44 open.go:34: [::1]:42442 /u/staff/edit/static/vendors/@coreui/icons/svg/free.svg
2022/03/19 14:17:05 open.go:34: [::1]:42442 /u/staff/edit/-MmaU6FJHXB85K3BYiSb
2022/03/19 14:17:06 open.go:34: [::1]:42442 /u/staff/edit/static/assets/brand/coreui.svg
2022/03/19 14:17:06 open.go:34: [::1]:42446 /u/staff/edit/static/vendors/@coreui/icons/svg/free.svg
2022/03/19 14:18:30 open.go:34: [::1]:42446 /u/staff/edit/-MmaU6FJHXB85K3BYiSb
2022/03/19 14:18:31 open.go:34: [::1]:42450 /u/staff/edit/static/assets/brand/coreui.svg
2022/03/19 14:18:31 open.go:34: [::1]:42442 /u/staff/edit/static/vendors/@coreui/icons/svg/free.svg
2022/03/19 14:19:02 open.go:34: [::1]:42442 /u/staff/edit/-MmaU6FJHXB85K3BYiSb
2022/03/19 14:19:03 open.go:34: [::1]:42442 /u/staff/edit/static/assets/brand/coreui.svg
2022/03/19 14:19:03 open.go:34: [::1]:42450 /u/staff/edit/static/vendors/@coreui/icons/svg/free.svg
2022/03/19 14:21:24 open.go:34: [::1]:42450 /u/staff
2022/03/19 14:21:25 open.go:34: [::1]:42452 /u/static/assets/brand/coreui.svg
2022/03/19 14:21:26 open.go:34: [::1]:42442 /u/static/vendors/@coreui/icons/svg/free.svg
2022/03/19 14:21:54 open.go:34: [::1]:42442 /u/staff
2022/03/19 14:21:55 open.go:34: [::1]:42452 /u/static/assets/brand/coreui.svg
2022/03/19 14:21:56 open.go:34: [::1]:42450 /u/static/vendors/@coreui/icons/svg/free.svg
2022/03/19 14:28:43 open.go:34: [::1]:42456 /u/staff
2022/03/19 14:28:44 open.go:34: [::1]:42456 /u/static/assets/brand/coreui.svg
2022/03/19 14:28:44 open.go:34: [::1]:42458 /u/static/vendors/@coreui/icons/svg/free.svg
2022/03/19 14:28:46 open.go:34: [::1]:42458 /u/staff
2022/03/19 14:28:47 open.go:34: [::1]:42466 /u/static/assets/brand/coreui.svg
2022/03/19 14:28:47 open.go:34: [::1]:42456 /u/static/vendors/@coreui/icons/svg/free.svg
2022/03/19 14:29:16 open.go:34: [::1]:42456 /u/staff
2022/03/19 14:29:17 open.go:34: [::1]:42456 /u/static/assets/brand/coreui.svg
2022/03/19 14:29:17 open.go:34: [::1]:42462 /u/static/vendors/@coreui/icons/svg/free.svg
2022/03/19 14:29:56 open.go:34: [::1]:42462 /u/staff
2022/03/19 14:29:57 open.go:34: [::1]:42460 /u/static/assets/brand/coreui.svg
2022/03/19 14:29:57 open.go:34: [::1]:42462 /u/static/vendors/@coreui/icons/svg/free.svg
2022/03/19 14:30:03 open.go:34: [::1]:42462 /u/staff
2022/03/19 14:30:05 open.go:34: [::1]:42462 /u/static/assets/brand/coreui.svg
2022/03/19 14:30:05 open.go:34: [::1]:42456 /u/static/vendors/@coreui/icons/svg/free.svg
2022/03/19 14:30:39 open.go:34: [::1]:42456 /u/staff
2022/03/19 14:30:40 open.go:34: [::1]:42464 /u/static/assets/brand/coreui.svg
2022/03/19 14:30:40 open.go:34: [::1]:42456 /u/static/vendors/@coreui/icons/svg/free.svg
2022/03/19 14:31:28 open.go:34: [::1]:42456 /u/staff
2022/03/19 14:31:29 open.go:34: [::1]:42456 /u/static/assets/brand/coreui.svg
2022/03/19 14:31:29 open.go:34: [::1]:42464 /u/static/vendors/@coreui/icons/svg/free.svg
2022/03/19 14:31:30 open.go:34: [::1]:42464 /u/staff
2022/03/19 14:31:31 open.go:34: [::1]:42460 /u/static/assets/brand/coreui.svg
2022/03/19 14:31:32 open.go:34: [::1]:42462 /u/static/vendors/@coreui/icons/svg/free.svg
2022/03/19 14:31:50 open.go:34: [::1]:42462 /u/staff
2022/03/19 14:31:51 open.go:34: [::1]:42456 /u/static/assets/brand/coreui.svg
2022/03/19 14:31:51 open.go:34: [::1]:42462 /u/static/vendors/@coreui/icons/svg/free.svg
2022/03/19 14:32:55 open.go:34: [::1]:42462 /u/staff
2022/03/19 14:32:56 open.go:34: [::1]:42456 /u/static/assets/brand/coreui.svg
2022/03/19 14:32:56 open.go:34: [::1]:42460 /u/static/vendors/@coreui/icons/svg/free.svg
2022/03/19 14:33:29 open.go:34: [::1]:42460 /u/staff
2022/03/19 14:33:30 open.go:34: [::1]:42464 /u/static/assets/brand/coreui.svg
2022/03/19 14:33:30 open.go:34: [::1]:42460 /u/static/vendors/@coreui/icons/svg/free.svg
2022/03/19 14:34:04 open.go:34: [::1]:42460 /u/staff
2022/03/19 14:34:05 open.go:34: [::1]:42460 /u/static/assets/brand/coreui.svg
2022/03/19 14:34:06 open.go:34: [::1]:42464 /u/static/vendors/@coreui/icons/svg/free.svg
2022/03/19 14:37:16 open.go:34: [::1]:42464 /u/staff
2022/03/19 14:37:17 open.go:34: [::1]:42466 /u/static/assets/brand/coreui.svg
2022/03/19 14:37:17 open.go:34: [::1]:42464 /u/static/vendors/@coreui/icons/svg/free.svg
2022/03/19 14:37:46 open.go:34: [::1]:42464 /u/staff
2022/03/19 14:37:47 open.go:34: [::1]:42456 /u/static/assets/brand/coreui.svg
2022/03/19 14:37:47 open.go:34: [::1]:42466 /u/static/vendors/@coreui/icons/svg/free.svg
2022/03/19 14:38:56 open.go:34: [::1]:42466 /u/staff
2022/03/19 14:38:57 open.go:34: [::1]:42456 /u/static/assets/brand/coreui.svg
2022/03/19 14:38:57 open.go:34: [::1]:42462 /u/static/vendors/@coreui/icons/svg/free.svg
2022/03/19 14:39:09 open.go:34: [::1]:42462 /u/staff
2022/03/19 14:39:10 open.go:34: [::1]:42464 /u/static/assets/brand/coreui.svg
2022/03/19 14:39:10 open.go:34: [::1]:42456 /u/static/vendors/@coreui/icons/svg/free.svg
2022/03/19 14:40:02 open.go:34: [::1]:42456 /u/staff
2022/03/19 14:40:03 open.go:34: [::1]:42472 /u/static/assets/brand/coreui.svg
2022/03/19 14:40:03 open.go:34: [::1]:42464 /u/static/vendors/@coreui/icons/svg/free.svg
2022/03/19 14:40:14 open.go:34: [::1]:42464 /u/staff
2022/03/19 14:40:15 open.go:34: [::1]:42456 /u/static/assets/brand/coreui.svg
2022/03/19 14:40:15 open.go:34: [::1]:42472 /u/static/vendors/@coreui/icons/svg/free.svg
2022/03/19 14:40:31 open.go:34: [::1]:42472 /u/staff
2022/03/19 14:40:32 open.go:34: [::1]:42456 /u/static/assets/brand/coreui.svg
2022/03/19 14:40:33 open.go:34: [::1]:42462 /u/static/vendors/@coreui/icons/svg/free.svg
2022/03/19 14:41:19 open.go:34: [::1]:42462 /u/staff
2022/03/19 14:41:20 open.go:34: [::1]:42462 /u/static/assets/brand/coreui.svg
2022/03/19 14:41:21 open.go:34: [::1]:42456 /u/static/vendors/@coreui/icons/svg/free.svg
2022/03/19 14:41:25 open.go:34: [::1]:42456 /u/staff
2022/03/19 14:41:26 open.go:34: [::1]:42462 /u/static/assets/brand/coreui.svg
2022/03/19 14:41:26 open.go:34: [::1]:42464 /u/static/vendors/@coreui/icons/svg/free.svg
2022/03/19 14:43:00 open.go:34: [::1]:42474 /u/staff
2022/03/19 14:43:01 open.go:34: [::1]:42474 /u/static/assets/brand/coreui.svg
2022/03/19 14:43:01 open.go:34: [::1]:42476 /u/static/vendors/@coreui/icons/svg/free.svg
2022/03/19 14:44:08 open.go:34: [::1]:42478 /u/
2022/03/19 14:44:08 open.go:34: [::1]:42478 /u/static/assets/brand/coreui.svg
2022/03/19 14:44:08 open.go:34: [::1]:42480 /u/static/vendors/@coreui/icons/svg/free.svg
2022/03/19 15:52:30 open.go:22: [::1]:42486 /logout
2022/03/19 15:52:30 open.go:22: [::1]:42486 /login
2022/03/19 15:52:58 open.go:22: [::1]:42486 /login
2022/03/19 15:54:41 open.go:22: [::1]:42486 /login
2022/03/19 15:55:28 open.go:22: [::1]:42486 /login
2022/03/19 15:55:38 open.go:22: [::1]:42486 /login
2022/03/19 15:56:07 open.go:22: [::1]:42486 /login
2022/03/19 15:56:22 open.go:22: [::1]:42486 /login
2022/03/19 15:56:41 open.go:22: [::1]:42486 /login
2022/03/19 15:59:40 open.go:22: [::1]:42486 /login
2022/03/19 16:00:15 open.go:22: [::1]:42490 /login
2022/03/19 16:00:18 open.go:22: [::1]:42490 /login
2022/03/19 16:00:44 open.go:22: [::1]:42496 /login
2022/03/19 16:01:11 open.go:22: [::1]:42486 /login
2022/03/19 16:02:46 open.go:22: [::1]:42490 /login
2022/03/19 16:03:11 open.go:22: [::1]:42502 /login
2022/03/19 16:03:52 open.go:22: [::1]:42502 /login
2022/03/19 16:03:59 open.go:22: [::1]:42512 /login
2022/03/19 16:04:01 open.go:22: [::1]:42516 /login
2022/03/19 16:05:59 open.go:22: [::1]:42522 /login
2022/03/19 16:06:08 open.go:22: [::1]:42516 /login
2022/03/19 16:06:17 open.go:22: [::1]:42520 /login
2022/03/19 16:06:24 open.go:22: [::1]:42518 /login
2022/03/19 16:06:29 open.go:22: [::1]:42518 /login
2022/03/19 16:07:00 open.go:22: [::1]:42524 /login
2022/03/19 16:07:08 open.go:22: [::1]:42524 /login
2022/03/19 16:07:12 open.go:22: [::1]:42524 /login
2022/03/19 16:07:18 open.go:22: [::1]:42512 /login
2022/03/19 16:09:03 open.go:22: [::1]:42518 /login
2022/03/19 16:09:13 open.go:22: [::1]:42520 /login
2022/03/19 16:09:46 open.go:22: [::1]:42512 /login
2022/03/19 16:09:52 open.go:22: [::1]:42512 /login
2022/03/19 16:10:32 open.go:22: [::1]:42512 /login
2022/03/19 16:10:56 open.go:22: [::1]:42516 /login
2022/03/19 16:11:32 open.go:22: [::1]:42518 /login
2022/03/19 16:11:43 open.go:22: [::1]:42518 /login
2022/03/19 16:11:58 open.go:22: [::1]:42516 /login
2022/03/19 16:12:12 open.go:22: [::1]:42516 /login
2022/03/19 16:12:12 open.go:22: [::1]:42516 /login
2022/03/19 16:12:22 open.go:22: [::1]:42516 /login
2022/03/19 16:12:26 open.go:34: [::1]:42516 /u/
2022/03/19 16:12:27 open.go:34: [::1]:42516 /u/static/assets/brand/coreui.svg
2022/03/19 16:12:27 open.go:34: [::1]:42518 /u/static/vendors/@coreui/icons/svg/free.svg
2022/03/19 16:21:02 open.go:34: [::1]:42528 /u/staff
2022/03/19 16:21:03 open.go:34: [::1]:42528 /u/static/assets/brand/coreui.svg
2022/03/19 16:21:03 open.go:34: [::1]:42530 /u/static/vendors/@coreui/icons/svg/free.svg
2022/03/19 16:21:10 open.go:34: [::1]:42530 /u/staff
2022/03/19 16:21:11 open.go:34: [::1]:42530 /u/static/assets/brand/coreui.svg
2022/03/19 16:21:11 open.go:34: [::1]:42528 /u/static/vendors/@coreui/icons/svg/free.svg
2022/03/19 16:22:31 open.go:34: [::1]:42528 /u/staff
2022/03/19 16:22:31 open.go:34: [::1]:42528 /u/static/assets/brand/coreui.svg
2022/03/19 16:22:32 open.go:34: [::1]:42530 /u/static/vendors/@coreui/icons/svg/free.svg
2022/03/19 16:23:02 open.go:34: [::1]:42530 /u/staff
2022/03/19 16:23:03 open.go:34: [::1]:42528 /u/static/assets/brand/coreui.svg
2022/03/19 16:23:03 open.go:34: [::1]:42530 /u/static/vendors/@coreui/icons/svg/free.svg
2022/03/19 16:23:34 open.go:34: [::1]:42530 /u/staff
2022/03/19 16:23:35 open.go:34: [::1]:42530 /u/static/assets/brand/coreui.svg
2022/03/19 16:23:35 open.go:34: [::1]:42528 /u/static/vendors/@coreui/icons/svg/free.svg
2022/03/19 16:25:14 open.go:34: [::1]:42528 /u/staff
2022/03/19 16:25:15 open.go:34: [::1]:42528 /u/static/assets/brand/coreui.svg
2022/03/19 16:25:15 open.go:34: [::1]:42530 /u/static/vendors/@coreui/icons/svg/free.svg
2022/03/19 16:29:17 open.go:34: [::1]:42530 /u/staff
2022/03/19 16:29:18 open.go:34: [::1]:42530 /u/static/assets/brand/coreui.svg
2022/03/19 16:29:19 open.go:34: [::1]:42528 /u/static/vendors/@coreui/icons/svg/free.svg
2022/03/19 16:29:42 open.go:34: [::1]:42528 /u/staff
2022/03/19 16:29:43 open.go:34: [::1]:42530 /u/static/vendors/@coreui/icons/svg/free.svg
2022/03/19 16:29:43 open.go:34: [::1]:42536 /u/static/assets/brand/coreui.svg
2022/03/19 16:30:52 open.go:34: [::1]:42536 /u/staff
2022/03/19 16:30:54 open.go:34: [::1]:42530 /u/static/vendors/@coreui/icons/svg/free.svg
2022/03/19 16:30:54 open.go:34: [::1]:42536 /u/static/assets/brand/coreui.svg
2022/03/19 16:31:14 open.go:34: [::1]:42536 /u/staff
2022/03/19 16:31:15 open.go:34: [::1]:42536 /u/static/assets/brand/coreui.svg
2022/03/19 16:31:15 open.go:34: [::1]:42530 /u/static/vendors/@coreui/icons/svg/free.svg
2022/03/19 16:31:36 open.go:34: [::1]:42530 /u/staff
2022/03/19 16:31:37 open.go:34: [::1]:42536 /u/static/assets/brand/coreui.svg
2022/03/19 16:31:37 open.go:34: [::1]:42530 /u/static/vendors/@coreui/icons/svg/free.svg
2022/03/19 16:31:42 open.go:34: [::1]:42530 /u/staff
2022/03/19 16:31:43 open.go:34: [::1]:42530 /u/static/vendors/@coreui/icons/svg/free.svg
2022/03/19 16:31:43 open.go:34: [::1]:42536 /u/static/assets/brand/coreui.svg
2022/03/19 16:32:27 open.go:34: [::1]:42536 /u/staff
2022/03/19 16:32:29 open.go:34: [::1]:42536 /u/static/vendors/@coreui/icons/svg/free.svg
2022/03/19 16:32:29 open.go:34: [::1]:42528 /u/static/assets/brand/coreui.svg
2022/03/19 16:32:55 open.go:34: [::1]:42528 /u/staff
2022/03/19 16:32:56 open.go:34: [::1]:42528 /u/static/assets/brand/coreui.svg
2022/03/19 16:32:56 open.go:34: [::1]:42536 /u/static/vendors/@coreui/icons/svg/free.svg
2022/03/19 16:33:13 open.go:34: [::1]:42536 /u/staff
2022/03/19 16:33:14 open.go:34: [::1]:42536 /u/static/assets/brand/coreui.svg
2022/03/19 16:33:14 open.go:34: [::1]:42528 /u/static/vendors/@coreui/icons/svg/free.svg
2022/03/19 16:34:51 open.go:34: [::1]:42528 /u/staff
2022/03/19 16:34:52 open.go:34: [::1]:42528 /u/static/assets/brand/coreui.svg
2022/03/19 16:34:52 open.go:34: [::1]:42536 /u/static/vendors/@coreui/icons/svg/free.svg
2022/03/19 16:35:39 open.go:34: [::1]:42536 /u/staff
2022/03/19 16:35:40 open.go:34: [::1]:42530 /u/static/assets/brand/coreui.svg
2022/03/19 16:35:40 open.go:34: [::1]:42528 /u/static/vendors/@coreui/icons/svg/free.svg
2022/03/19 16:51:27 open.go:34: [::1]:42542 /u/staff
2022/03/19 16:51:28 open.go:34: [::1]:42544 /u/static/vendors/@coreui/icons/svg/free.svg
2022/03/19 16:51:28 open.go:34: [::1]:42542 /u/static/assets/brand/coreui.svg
2022/03/19 16:51:49 open.go:34: [::1]:42542 /u/staff
2022/03/19 16:51:50 open.go:34: [::1]:42544 /u/static/vendors/@coreui/icons/svg/free.svg
2022/03/19 16:51:50 open.go:34: [::1]:42542 /u/static/assets/brand/coreui.svg
2022/03/19 16:52:23 open.go:34: [::1]:42542 /u/staff
2022/03/19 16:52:24 open.go:34: [::1]:42546 /u/static/vendors/@coreui/icons/svg/free.svg
2022/03/19 16:52:24 open.go:34: [::1]:42544 /u/static/assets/brand/coreui.svg
2022/03/19 16:52:33 open.go:34: [::1]:42544 /u/staff
2022/03/19 16:52:34 open.go:34: [::1]:42544 /u/static/assets/brand/coreui.svg
2022/03/19 16:52:34 open.go:34: [::1]:42546 /u/static/vendors/@coreui/icons/svg/free.svg
2022/03/19 16:53:10 open.go:34: [::1]:42546 /u/staff
2022/03/19 16:53:11 open.go:34: [::1]:42548 /u/static/assets/brand/coreui.svg
2022/03/19 16:53:11 open.go:34: [::1]:42550 /u/static/vendors/@coreui/icons/svg/free.svg
2022/03/19 16:53:28 open.go:34: [::1]:42550 /u/staff
2022/03/19 16:53:29 open.go:34: [::1]:42550 /u/static/assets/brand/coreui.svg
2022/03/19 16:53:29 open.go:34: [::1]:42548 /u/static/vendors/@coreui/icons/svg/free.svg
2022/03/19 16:54:39 open.go:34: [::1]:42548 /u/staff
2022/03/19 16:54:40 open.go:34: [::1]:42548 /u/static/assets/brand/coreui.svg
2022/03/19 16:54:40 open.go:34: [::1]:42550 /u/static/vendors/@coreui/icons/svg/free.svg
2022/03/19 17:02:54 open.go:34: [::1]:42554 /u/staff
2022/03/19 17:02:55 open.go:34: [::1]:42554 /u/static/assets/brand/coreui.svg
2022/03/19 17:02:55 open.go:34: [::1]:42556 /u/static/vendors/@coreui/icons/svg/free.svg
2022/03/19 17:03:07 open.go:34: [::1]:42556 /u/staff
2022/03/19 17:03:08 open.go:34: [::1]:42556 /u/static/assets/brand/coreui.svg
2022/03/19 17:03:08 open.go:34: [::1]:42554 /u/static/vendors/@coreui/icons/svg/free.svg
2022/03/19 17:03:50 open.go:34: [::1]:42554 /u/staff
2022/03/19 17:03:51 open.go:34: [::1]:42562 /u/static/assets/brand/coreui.svg
2022/03/19 17:03:51 open.go:34: [::1]:42558 /u/static/vendors/@coreui/icons/svg/free.svg
2022/03/19 17:04:53 open.go:34: [::1]:42558 /u/staff
2022/03/19 17:04:54 open.go:34: [::1]:42558 /u/static/assets/brand/coreui.svg
2022/03/19 17:04:54 open.go:34: [::1]:42562 /u/static/vendors/@coreui/icons/svg/free.svg
